<?xml version="1.0" encoding="UTF-8"?>
<!-- Generated by org.testng.reporters.JUnitReportReporter -->
<testsuite skipped="0" hostname="MacBook-Air-cua-Le.local" name="maintest.TestXYZ" tests="1" failures="0" timestamp="2022-01-25T10:19:24 ICT" time="18.350" errors="0">
  <testcase name="TC01_validLogin" time="18.350" classname="maintest.TestXYZ"/>
  <system-out/>
</testsuite> <!-- maintest.TestXYZ -->
