<?xml version="1.0" encoding="UTF-8"?>
<!-- Generated by org.testng.reporters.JUnitReportReporter -->
<testsuite skipped="0" hostname="MacBook-Air-cua-Le.local" name="maintest.TestLoginPageWithBaseTestV1" tests="2" failures="0" timestamp="2022-01-09T23:20:38 ICT" time="16.061" errors="0">
  <testcase name="TC01_validLogin" time="13.701" classname="maintest.TestLoginPageWithBaseTestV1"/>
  <system-out/>
  <testcase name="TC02" time="2.360" classname="maintest.TestLoginPageWithBaseTestV1"/>
  <system-out/>
</testsuite> <!-- maintest.TestLoginPageWithBaseTestV1 -->
