<?xml version="1.0" encoding="UTF-8"?>
<!-- Generated by org.testng.reporters.JUnitReportReporter -->
<testsuite skipped="0" hostname="Air-cua-Le" name="maintest.TestLoginPageWithBaseTestV12" tests="1" failures="0" timestamp="2022-01-16T13:56:00 ICT" time="12.441" errors="0">
  <testcase name="TC01_validLogin" time="12.441" classname="maintest.TestLoginPageWithBaseTestV12"/>
  <system-out/>
</testsuite> <!-- maintest.TestLoginPageWithBaseTestV12 -->
