<?xml version="1.0" encoding="UTF-8"?>
<!-- Generated by org.testng.reporters.JUnitReportReporter -->
<testsuite hostname="Air-cua-Le" failures="0" tests="1" name="maintest.TestLoginPage" time="15.575" errors="0" timestamp="2022-01-03T12:47:33 ICT" skipped="0">
  <testcase classname="maintest.TestLoginPage" name="TC01_startLoginPage" time="15.575"/>
  <system-out/>
</testsuite> <!-- maintest.TestLoginPage -->
