<?xml version="1.0" encoding="UTF-8"?>
<!-- Generated by org.testng.reporters.JUnitReportReporter -->
<testsuite skipped="0" hostname="Air-cua-Le" name="maintest.TestLoginPageWithBaseTestV1" tests="2" failures="0" timestamp="2022-01-16T13:56:00 ICT" time="16.980" errors="0">
  <testcase name="TC01_validLogin" time="14.283" classname="maintest.TestLoginPageWithBaseTestV1"/>
  <system-out/>
  <testcase name="TC02" time="2.697" classname="maintest.TestLoginPageWithBaseTestV1"/>
  <system-out/>
</testsuite> <!-- maintest.TestLoginPageWithBaseTestV1 -->
