<?xml version="1.0" encoding="UTF-8"?>
<!-- Generated by org.testng.reporters.JUnitReportReporter -->
<testsuite skipped="0" hostname="Air-cua-Le" name="maintest.TestABC" tests="2" failures="0" timestamp="2022-01-23T12:49:40 ICT" time="18.521" errors="1">
  <testcase name="TC01_validLogin" time="18.416" classname="maintest.TestABC"/>
  <system-out/>
  <testcase name="afterTest" time="0.105" classname="maintest.TestABC">
    <error type="org.openqa.selenium.NoSuchSessionException" message="A session is either terminated or not started
Build info: version: &#039;3.141.59&#039;, revision: &#039;e82be7d358&#039;, time: &#039;2018-11-14T08:17:03&#039;
System info: host: &#039;Air-cua-Le&#039;, ip: &#039;2405:4803:c84c:7170:ffff:ffff:ffff:ffc6%en0&#039;, os.name: &#039;Mac OS X&#039;, os.arch: &#039;x86_64&#039;, os.version: &#039;10.16&#039;, java.version: &#039;1.8.0_311&#039;
Driver info: io.appium.java_client.android.AndroidDriver
Capabilities {appActivity: .MainActivity, appPackage: com.wdiodemoapp, automationName: uiautomator2, databaseEnabled: false, desired: {appActivity: .MainActivity, appPackage: com.wdiodemoapp, automationName: uiautomator2, platformName: android, server:CONFIG_UUID: 0d05618b-c0b8-421e-ac1c-15a..., systemPort: 8300, udid: 3200bad15ec4b55f}, deviceApiLevel: 29, deviceManufacturer: samsung, deviceModel: SM-A750GN, deviceName: 3200bad15ec4b55f, deviceScreenDensity: 480, deviceScreenSize: 1080x2220, deviceUDID: 3200bad15ec4b55f, javascriptEnabled: true, locationContextEnabled: false, networkConnectionEnabled: true, pixelRatio: 3, platform: LINUX, platformName: android, platformVersion: 10, server:CONFIG_UUID: 0d05618b-c0b8-421e-ac1c-15a..., statBarHeight: 72, systemPort: 8300, takesScreenshot: true, udid: 3200bad15ec4b55f, viewportRect: {height: 2004, left: 0, top: 72, width: 1080}, warnings: {}, webStorageEnabled: false}
Session ID: d83ff17d-5abe-4a4e-9d03-45f5d22ab134">
      <![CDATA[org.openqa.selenium.NoSuchSessionException: A session is either terminated or not started
Build info: version: '3.141.59', revision: 'e82be7d358', time: '2018-11-14T08:17:03'
System info: host: 'Air-cua-Le', ip: '2405:4803:c84c:7170:ffff:ffff:ffff:ffc6%en0', os.name: 'Mac OS X', os.arch: 'x86_64', os.version: '10.16', java.version: '1.8.0_311'
Driver info: io.appium.java_client.android.AndroidDriver
Capabilities {appActivity: .MainActivity, appPackage: com.wdiodemoapp, automationName: uiautomator2, databaseEnabled: false, desired: {appActivity: .MainActivity, appPackage: com.wdiodemoapp, automationName: uiautomator2, platformName: android, server:CONFIG_UUID: 0d05618b-c0b8-421e-ac1c-15a..., systemPort: 8300, udid: 3200bad15ec4b55f}, deviceApiLevel: 29, deviceManufacturer: samsung, deviceModel: SM-A750GN, deviceName: 3200bad15ec4b55f, deviceScreenDensity: 480, deviceScreenSize: 1080x2220, deviceUDID: 3200bad15ec4b55f, javascriptEnabled: true, locationContextEnabled: false, networkConnectionEnabled: true, pixelRatio: 3, platform: LINUX, platformName: android, platformVersion: 10, server:CONFIG_UUID: 0d05618b-c0b8-421e-ac1c-15a..., statBarHeight: 72, systemPort: 8300, takesScreenshot: true, udid: 3200bad15ec4b55f, viewportRect: {height: 2004, left: 0, top: 72, width: 1080}, warnings: {}, webStorageEnabled: false}
Session ID: d83ff17d-5abe-4a4e-9d03-45f5d22ab134
at sun.reflect.NativeConstructorAccessorImpl.newInstance0(Native Method)
at sun.reflect.NativeConstructorAccessorImpl.newInstance(NativeConstructorAccessorImpl.java:62)
at sun.reflect.DelegatingConstructorAccessorImpl.newInstance(DelegatingConstructorAccessorImpl.java:45)
at java.lang.reflect.Constructor.newInstance(Constructor.java:423)
at org.openqa.selenium.remote.http.W3CHttpResponseCodec.createException(W3CHttpResponseCodec.java:187)
at org.openqa.selenium.remote.http.W3CHttpResponseCodec.decode(W3CHttpResponseCodec.java:122)
at org.openqa.selenium.remote.http.W3CHttpResponseCodec.decode(W3CHttpResponseCodec.java:49)
at org.openqa.selenium.remote.HttpCommandExecutor.execute(HttpCommandExecutor.java:158)
at io.appium.java_client.remote.AppiumCommandExecutor.execute(AppiumCommandExecutor.java:250)
at org.openqa.selenium.remote.RemoteWebDriver.execute(RemoteWebDriver.java:552)
at io.appium.java_client.DefaultGenericMobileDriver.execute(DefaultGenericMobileDriver.java:45)
at io.appium.java_client.AppiumDriver.execute(AppiumDriver.java:1)
at io.appium.java_client.android.AndroidDriver.execute(AndroidDriver.java:1)
at org.openqa.selenium.remote.RemoteWebDriver.quit(RemoteWebDriver.java:452)
at driver.DriverFactotyV2.quitSession(DriverFactotyV2.java:47)
at basetest.BaseTestV2.afterTest(BaseTestV2.java:45)
at sun.reflect.NativeMethodAccessorImpl.invoke0(Native Method)
at sun.reflect.NativeMethodAccessorImpl.invoke(NativeMethodAccessorImpl.java:62)
at sun.reflect.DelegatingMethodAccessorImpl.invoke(DelegatingMethodAccessorImpl.java:43)
at java.lang.reflect.Method.invoke(Method.java:498)
at org.testng.internal.MethodInvocationHelper.invokeMethod(MethodInvocationHelper.java:133)
at org.testng.internal.MethodInvocationHelper.invokeMethodConsideringTimeout(MethodInvocationHelper.java:62)
at org.testng.internal.ConfigInvoker.invokeConfigurationMethod(ConfigInvoker.java:385)
at org.testng.internal.ConfigInvoker.invokeConfigurations(ConfigInvoker.java:321)
at org.testng.TestRunner.invokeTestConfigurations(TestRunner.java:637)
at org.testng.TestRunner.afterRun(TestRunner.java:877)
at org.testng.TestRunner.run(TestRunner.java:599)
at org.testng.SuiteRunner.runTest(SuiteRunner.java:377)
at org.testng.SuiteRunner.access$000(SuiteRunner.java:28)
at org.testng.SuiteRunner$SuiteWorker.run(SuiteRunner.java:418)
at org.testng.internal.thread.ThreadUtil.lambda$execute$0(ThreadUtil.java:64)
at java.util.concurrent.FutureTask.run(FutureTask.java:266)
at java.util.concurrent.ThreadPoolExecutor.runWorker(ThreadPoolExecutor.java:1149)
at java.util.concurrent.ThreadPoolExecutor$Worker.run(ThreadPoolExecutor.java:624)
at java.lang.Thread.run(Thread.java:748)
]]>
    </error>
  </testcase> <!-- afterTest -->
  <system-out/>
</testsuite> <!-- maintest.TestABC -->
