<?xml version="1.0" encoding="UTF-8"?>
<!-- Generated by org.testng.reporters.JUnitReportReporter -->
<testsuite hostname="Air-cua-Le" failures="0" tests="1" name="maintest.Test2" time="0.006" errors="0" timestamp="2022-01-03T12:48:44 ICT" skipped="0">
  <testcase classname="maintest.Test2" name="tc" time="0.006"/>
  <system-out/>
</testsuite> <!-- maintest.Test2 -->
