<?xml version="1.0" encoding="UTF-8"?>
<!-- Generated by org.testng.reporters.JUnitReportReporter -->
<testsuite skipped="0" hostname="Air-cua-Le" name="dataDriven.authentication.TestLoginPage" tests="5" failures="0" timestamp="2022-01-09T12:59:32 ICT" time="66.625" errors="0">
  <testcase name="TC01_invalidLogin" time="12.521" classname="dataDriven.authentication.TestLoginPage"/>
  <system-out/>
  <testcase name="TC01_invalidLogin" time="12.832" classname="dataDriven.authentication.TestLoginPage"/>
  <system-out/>
  <testcase name="TC02_validLogin" time="13.002" classname="dataDriven.authentication.TestLoginPage"/>
  <system-out/>
  <testcase name="TC01_invalidLogin" time="15.590" classname="dataDriven.authentication.TestLoginPage"/>
  <system-out/>
  <testcase name="TC01_invalidLogin" time="12.680" classname="dataDriven.authentication.TestLoginPage"/>
  <system-out/>
</testsuite> <!-- dataDriven.authentication.TestLoginPage -->
