<?xml version="1.0" encoding="UTF-8"?>
<!-- Generated by org.testng.reporters.JUnitReportReporter -->
<testsuite skipped="0" hostname="Air-cua-Le" name="maintest.TestXYZ" tests="1" failures="0" timestamp="2022-01-23T12:49:40 ICT" time="18.143" errors="0">
  <testcase name="TC01_validLogin" time="18.143" classname="maintest.TestXYZ"/>
  <system-out/>
</testsuite> <!-- maintest.TestXYZ -->
