<?xml version="1.0" encoding="UTF-8"?>
<!-- Generated by org.testng.reporters.JUnitReportReporter -->
<testsuite skipped="0" hostname="Air-cua-Le" name="maintest.TestABC" tests="3" failures="0" timestamp="2022-01-16T14:08:11 ICT" time="27.836" errors="2">
  <testcase name="TC01_validLogin" time="13.942" classname="maintest.TestABC">
    <error type="org.openqa.selenium.NoSuchSessionException" message="A session is either terminated or not started
Build info: version: &#039;3.141.59&#039;, revision: &#039;e82be7d358&#039;, time: &#039;2018-11-14T08:17:03&#039;
System info: host: &#039;Air-cua-Le&#039;, ip: &#039;2405:4803:c84c:7170:ffff:ffff:ffff:ffe6%en0&#039;, os.name: &#039;Mac OS X&#039;, os.arch: &#039;x86_64&#039;, os.version: &#039;10.16&#039;, java.version: &#039;1.8.0_311&#039;
Driver info: io.appium.java_client.android.AndroidDriver
Capabilities {appActivity: .MainActivity, appPackage: com.wdiodemoapp, automationName: uiautomator2, databaseEnabled: false, desired: {appActivity: .MainActivity, appPackage: com.wdiodemoapp, automationName: uiautomator2, platformName: android, systemPort: 8400, udid: 9MU9X18B10W00570}, deviceApiLevel: 26, deviceManufacturer: HUAWEI, deviceModel: ATU-L42, deviceName: 9MU9X18B10W00570, deviceScreenDensity: 320, deviceScreenSize: 720x1440, deviceUDID: 9MU9X18B10W00570, javascriptEnabled: true, locationContextEnabled: false, networkConnectionEnabled: true, pixelRatio: 2, platform: LINUX, platformName: android, platformVersion: 8.0.0, statBarHeight: 48, systemPort: 8400, takesScreenshot: true, udid: 9MU9X18B10W00570, viewportRect: {height: 1310, left: 0, top: 48, width: 720}, warnings: {}, webStorageEnabled: false}
Session ID: 3d898565-f857-4589-a862-d03f2221852b
*** Element info: {Using=accessibility id, value=input-password}">
      <![CDATA[org.openqa.selenium.NoSuchSessionException: A session is either terminated or not started
Build info: version: '3.141.59', revision: 'e82be7d358', time: '2018-11-14T08:17:03'
System info: host: 'Air-cua-Le', ip: '2405:4803:c84c:7170:ffff:ffff:ffff:ffe6%en0', os.name: 'Mac OS X', os.arch: 'x86_64', os.version: '10.16', java.version: '1.8.0_311'
Driver info: io.appium.java_client.android.AndroidDriver
Capabilities {appActivity: .MainActivity, appPackage: com.wdiodemoapp, automationName: uiautomator2, databaseEnabled: false, desired: {appActivity: .MainActivity, appPackage: com.wdiodemoapp, automationName: uiautomator2, platformName: android, systemPort: 8400, udid: 9MU9X18B10W00570}, deviceApiLevel: 26, deviceManufacturer: HUAWEI, deviceModel: ATU-L42, deviceName: 9MU9X18B10W00570, deviceScreenDensity: 320, deviceScreenSize: 720x1440, deviceUDID: 9MU9X18B10W00570, javascriptEnabled: true, locationContextEnabled: false, networkConnectionEnabled: true, pixelRatio: 2, platform: LINUX, platformName: android, platformVersion: 8.0.0, statBarHeight: 48, systemPort: 8400, takesScreenshot: true, udid: 9MU9X18B10W00570, viewportRect: {height: 1310, left: 0, top: 48, width: 720}, warnings: {}, webStorageEnabled: false}
Session ID: 3d898565-f857-4589-a862-d03f2221852b
*** Element info: {Using=accessibility id, value=input-password}
at sun.reflect.NativeConstructorAccessorImpl.newInstance0(Native Method)
at sun.reflect.NativeConstructorAccessorImpl.newInstance(NativeConstructorAccessorImpl.java:62)
at sun.reflect.DelegatingConstructorAccessorImpl.newInstance(DelegatingConstructorAccessorImpl.java:45)
at java.lang.reflect.Constructor.newInstance(Constructor.java:423)
at org.openqa.selenium.remote.http.W3CHttpResponseCodec.createException(W3CHttpResponseCodec.java:187)
at org.openqa.selenium.remote.http.W3CHttpResponseCodec.decode(W3CHttpResponseCodec.java:122)
at org.openqa.selenium.remote.http.W3CHttpResponseCodec.decode(W3CHttpResponseCodec.java:49)
at org.openqa.selenium.remote.HttpCommandExecutor.execute(HttpCommandExecutor.java:158)
at io.appium.java_client.remote.AppiumCommandExecutor.execute(AppiumCommandExecutor.java:250)
at org.openqa.selenium.remote.RemoteWebDriver.execute(RemoteWebDriver.java:552)
at io.appium.java_client.DefaultGenericMobileDriver.execute(DefaultGenericMobileDriver.java:41)
at io.appium.java_client.AppiumDriver.execute(AppiumDriver.java:1)
at io.appium.java_client.android.AndroidDriver.execute(AndroidDriver.java:1)
at org.openqa.selenium.remote.RemoteWebDriver.findElement(RemoteWebDriver.java:323)
at io.appium.java_client.DefaultGenericMobileDriver.findElement(DefaultGenericMobileDriver.java:61)
at io.appium.java_client.AppiumDriver.findElement(AppiumDriver.java:1)
at io.appium.java_client.android.AndroidDriver.findElement(AndroidDriver.java:1)
at io.appium.java_client.FindsByAccessibilityId.findElementByAccessibilityId(FindsByAccessibilityId.java:37)
at io.appium.java_client.MobileBy$ByAccessibilityId.findElement(MobileBy.java:284)
at org.openqa.selenium.remote.RemoteWebDriver.findElement(RemoteWebDriver.java:315)
at io.appium.java_client.DefaultGenericMobileDriver.findElement(DefaultGenericMobileDriver.java:57)
at io.appium.java_client.AppiumDriver.findElement(AppiumDriver.java:1)
at io.appium.java_client.android.AndroidDriver.findElement(AndroidDriver.java:1)
at models.pages.LoginPage.inputPassword(LoginPage.java:44)
at testflow.LoginFlow.login(LoginFlow.java:23)
at maintest.TestABC.TC01_validLogin(TestABC.java:28)
at sun.reflect.NativeMethodAccessorImpl.invoke0(Native Method)
at sun.reflect.NativeMethodAccessorImpl.invoke(NativeMethodAccessorImpl.java:62)
at sun.reflect.DelegatingMethodAccessorImpl.invoke(DelegatingMethodAccessorImpl.java:43)
at java.lang.reflect.Method.invoke(Method.java:498)
at org.testng.internal.MethodInvocationHelper.invokeMethod(MethodInvocationHelper.java:133)
at org.testng.internal.TestInvoker.invokeMethod(TestInvoker.java:598)
at org.testng.internal.TestInvoker.invokeTestMethod(TestInvoker.java:173)
at org.testng.internal.MethodRunner.runInSequence(MethodRunner.java:46)
at org.testng.internal.TestInvoker$MethodInvocationAgent.invoke(TestInvoker.java:824)
at org.testng.internal.TestInvoker.invokeTestMethods(TestInvoker.java:146)
at org.testng.internal.TestMethodWorker.invokeTestMethods(TestMethodWorker.java:146)
at org.testng.internal.TestMethodWorker.run(TestMethodWorker.java:128)
at java.util.ArrayList.forEach(ArrayList.java:1259)
at org.testng.TestRunner.privateRun(TestRunner.java:794)
at org.testng.TestRunner.run(TestRunner.java:596)
at org.testng.SuiteRunner.runTest(SuiteRunner.java:377)
at org.testng.SuiteRunner.access$000(SuiteRunner.java:28)
at org.testng.SuiteRunner$SuiteWorker.run(SuiteRunner.java:418)
at org.testng.internal.thread.ThreadUtil.lambda$execute$0(ThreadUtil.java:64)
at java.util.concurrent.FutureTask.run(FutureTask.java:266)
at java.util.concurrent.ThreadPoolExecutor.runWorker(ThreadPoolExecutor.java:1149)
at java.util.concurrent.ThreadPoolExecutor$Worker.run(ThreadPoolExecutor.java:624)
at java.lang.Thread.run(Thread.java:748)
]]>
    </error>
  </testcase> <!-- TC01_validLogin -->
  <system-out/>
  <testcase name="afterTest" time="0.021" classname="maintest.TestABC">
    <error type="org.openqa.selenium.NoSuchSessionException" message="A session is either terminated or not started
Build info: version: &#039;3.141.59&#039;, revision: &#039;e82be7d358&#039;, time: &#039;2018-11-14T08:17:03&#039;
System info: host: &#039;Air-cua-Le&#039;, ip: &#039;2405:4803:c84c:7170:ffff:ffff:ffff:ffe6%en0&#039;, os.name: &#039;Mac OS X&#039;, os.arch: &#039;x86_64&#039;, os.version: &#039;10.16&#039;, java.version: &#039;1.8.0_311&#039;
Driver info: io.appium.java_client.android.AndroidDriver
Capabilities {appActivity: .MainActivity, appPackage: com.wdiodemoapp, automationName: uiautomator2, databaseEnabled: false, desired: {appActivity: .MainActivity, appPackage: com.wdiodemoapp, automationName: uiautomator2, platformName: android, systemPort: 8400, udid: 9MU9X18B10W00570}, deviceApiLevel: 26, deviceManufacturer: HUAWEI, deviceModel: ATU-L42, deviceName: 9MU9X18B10W00570, deviceScreenDensity: 320, deviceScreenSize: 720x1440, deviceUDID: 9MU9X18B10W00570, javascriptEnabled: true, locationContextEnabled: false, networkConnectionEnabled: true, pixelRatio: 2, platform: LINUX, platformName: android, platformVersion: 8.0.0, statBarHeight: 48, systemPort: 8400, takesScreenshot: true, udid: 9MU9X18B10W00570, viewportRect: {height: 1310, left: 0, top: 48, width: 720}, warnings: {}, webStorageEnabled: false}
Session ID: 3d898565-f857-4589-a862-d03f2221852b">
      <![CDATA[org.openqa.selenium.NoSuchSessionException: A session is either terminated or not started
Build info: version: '3.141.59', revision: 'e82be7d358', time: '2018-11-14T08:17:03'
System info: host: 'Air-cua-Le', ip: '2405:4803:c84c:7170:ffff:ffff:ffff:ffe6%en0', os.name: 'Mac OS X', os.arch: 'x86_64', os.version: '10.16', java.version: '1.8.0_311'
Driver info: io.appium.java_client.android.AndroidDriver
Capabilities {appActivity: .MainActivity, appPackage: com.wdiodemoapp, automationName: uiautomator2, databaseEnabled: false, desired: {appActivity: .MainActivity, appPackage: com.wdiodemoapp, automationName: uiautomator2, platformName: android, systemPort: 8400, udid: 9MU9X18B10W00570}, deviceApiLevel: 26, deviceManufacturer: HUAWEI, deviceModel: ATU-L42, deviceName: 9MU9X18B10W00570, deviceScreenDensity: 320, deviceScreenSize: 720x1440, deviceUDID: 9MU9X18B10W00570, javascriptEnabled: true, locationContextEnabled: false, networkConnectionEnabled: true, pixelRatio: 2, platform: LINUX, platformName: android, platformVersion: 8.0.0, statBarHeight: 48, systemPort: 8400, takesScreenshot: true, udid: 9MU9X18B10W00570, viewportRect: {height: 1310, left: 0, top: 48, width: 720}, warnings: {}, webStorageEnabled: false}
Session ID: 3d898565-f857-4589-a862-d03f2221852b
at sun.reflect.NativeConstructorAccessorImpl.newInstance0(Native Method)
at sun.reflect.NativeConstructorAccessorImpl.newInstance(NativeConstructorAccessorImpl.java:62)
at sun.reflect.DelegatingConstructorAccessorImpl.newInstance(DelegatingConstructorAccessorImpl.java:45)
at java.lang.reflect.Constructor.newInstance(Constructor.java:423)
at org.openqa.selenium.remote.http.W3CHttpResponseCodec.createException(W3CHttpResponseCodec.java:187)
at org.openqa.selenium.remote.http.W3CHttpResponseCodec.decode(W3CHttpResponseCodec.java:122)
at org.openqa.selenium.remote.http.W3CHttpResponseCodec.decode(W3CHttpResponseCodec.java:49)
at org.openqa.selenium.remote.HttpCommandExecutor.execute(HttpCommandExecutor.java:158)
at io.appium.java_client.remote.AppiumCommandExecutor.execute(AppiumCommandExecutor.java:250)
at org.openqa.selenium.remote.RemoteWebDriver.execute(RemoteWebDriver.java:552)
at io.appium.java_client.DefaultGenericMobileDriver.execute(DefaultGenericMobileDriver.java:45)
at io.appium.java_client.AppiumDriver.execute(AppiumDriver.java:1)
at io.appium.java_client.android.AndroidDriver.execute(AndroidDriver.java:1)
at org.openqa.selenium.remote.RemoteWebDriver.quit(RemoteWebDriver.java:452)
at driver.DriverFactotyV2.quitSession(DriverFactotyV2.java:45)
at basetest.BaseTestV2.afterTest(BaseTestV2.java:45)
at sun.reflect.NativeMethodAccessorImpl.invoke0(Native Method)
at sun.reflect.NativeMethodAccessorImpl.invoke(NativeMethodAccessorImpl.java:62)
at sun.reflect.DelegatingMethodAccessorImpl.invoke(DelegatingMethodAccessorImpl.java:43)
at java.lang.reflect.Method.invoke(Method.java:498)
at org.testng.internal.MethodInvocationHelper.invokeMethod(MethodInvocationHelper.java:133)
at org.testng.internal.MethodInvocationHelper.invokeMethodConsideringTimeout(MethodInvocationHelper.java:62)
at org.testng.internal.ConfigInvoker.invokeConfigurationMethod(ConfigInvoker.java:385)
at org.testng.internal.ConfigInvoker.invokeConfigurations(ConfigInvoker.java:321)
at org.testng.TestRunner.invokeTestConfigurations(TestRunner.java:637)
at org.testng.TestRunner.afterRun(TestRunner.java:877)
at org.testng.TestRunner.run(TestRunner.java:599)
at org.testng.SuiteRunner.runTest(SuiteRunner.java:377)
at org.testng.SuiteRunner.access$000(SuiteRunner.java:28)
at org.testng.SuiteRunner$SuiteWorker.run(SuiteRunner.java:418)
at org.testng.internal.thread.ThreadUtil.lambda$execute$0(ThreadUtil.java:64)
at java.util.concurrent.FutureTask.run(FutureTask.java:266)
at java.util.concurrent.ThreadPoolExecutor.runWorker(ThreadPoolExecutor.java:1149)
at java.util.concurrent.ThreadPoolExecutor$Worker.run(ThreadPoolExecutor.java:624)
at java.lang.Thread.run(Thread.java:748)
]]>
    </error>
  </testcase> <!-- afterTest -->
  <system-out/>
  <testcase name="TC01_validLogin" time="13.873" classname="maintest.TestABC"/>
  <system-out/>
</testsuite> <!-- maintest.TestABC -->
