<?xml version="1.0" encoding="UTF-8"?>
<!-- Generated by org.testng.reporters.JUnitReportReporter -->
<testsuite skipped="0" hostname="MacBook-Air-cua-Le.local" name="maintest.TestLoginPageWithBaseTestV12" tests="1" failures="0" timestamp="2022-01-09T23:20:38 ICT" time="11.937" errors="0">
  <testcase name="TC01_validLogin" time="11.937" classname="maintest.TestLoginPageWithBaseTestV12"/>
  <system-out/>
</testsuite> <!-- maintest.TestLoginPageWithBaseTestV12 -->
